2026-02-18T22:36:00.921635Z  INFO tailwindcss_oxide::scanner: Provided sources:
2026-02-18T22:36:00.921700Z  INFO tailwindcss_oxide::scanner: Source: PublicSourceEntry { base: "H:\\web_anto\\cosmetologia_web\\frontend", pattern: "**/*", negated: false }
2026-02-18T22:36:00.921819Z  INFO tailwindcss_oxide::scanner: Optimized sources:
2026-02-18T22:36:00.921828Z  INFO tailwindcss_oxide::scanner: Source: Auto { base: "H:\\web_anto\\cosmetologia_web\\frontend" }
2026-02-18T22:36:00.923358Z  INFO scan_sources: tailwindcss_oxide::scanner: enter
2026-02-18T22:36:00.924288Z  INFO scan_sources: tailwindcss_oxide::scanner: Discovering "H:\\web_anto\\cosmetologia_web\\frontend\\app"
2026-02-18T22:36:00.924400Z  INFO scan_sources: tailwindcss_oxide::scanner: Discovering "H:\\web_anto\\cosmetologia_web\\frontend\\app\\api"
2026-02-18T22:36:00.932093Z  INFO scan_sources: tailwindcss_oxide::scanner: Discovering "H:\\web_anto\\cosmetologia_web\\frontend\\app\\api\\citas"
2026-02-18T22:36:00.932209Z  INFO scan_sources: tailwindcss_oxide::scanner: Discovering "H:\\web_anto\\cosmetologia_web\\frontend\\app\\api\\citas\\route.ts"
2026-02-18T22:36:00.932284Z  INFO scan_sources: tailwindcss_oxide::scanner: Discovering "H:\\web_anto\\cosmetologia_web\\frontend\\app\\api\\clientes"
2026-02-18T22:36:00.932391Z  INFO scan_sources: tailwindcss_oxide::scanner: Discovering "H:\\web_anto\\cosmetologia_web\\frontend\\app\\api\\clientes\\route.ts"
2026-02-18T22:36:00.932453Z  INFO scan_sources: tailwindcss_oxide::scanner: Discovering "H:\\web_anto\\cosmetologia_web\\frontend\\app\\api\\configuracion-horario"
2026-02-18T22:36:00.932528Z  INFO scan_sources: tailwindcss_oxide::scanner: Discovering "H:\\web_anto\\cosmetologia_web\\frontend\\app\\api\\configuracion-horario\\route.ts"
2026-02-18T22:36:00.932601Z  INFO scan_sources: tailwindcss_oxide::scanner: Discovering "H:\\web_anto\\cosmetologia_web\\frontend\\app\\api\\servicios"
2026-02-18T22:36:00.932676Z  INFO scan_sources: tailwindcss_oxide::scanner: Discovering "H:\\web_anto\\cosmetologia_web\\frontend\\app\\api\\servicios\\route.ts"
2026-02-18T22:36:00.932733Z  INFO scan_sources: tailwindcss_oxide::scanner: Discovering "H:\\web_anto\\cosmetologia_web\\frontend\\app\\api\\servicios\\[id]"
2026-02-18T22:36:00.932821Z  INFO scan_sources: tailwindcss_oxide::scanner: Discovering "H:\\web_anto\\cosmetologia_web\\frontend\\app\\api\\servicios\\[id]\\disponibilidad"
2026-02-18T22:36:00.932894Z  INFO scan_sources: tailwindcss_oxide::scanner: Discovering "H:\\web_anto\\cosmetologia_web\\frontend\\app\\api\\servicios\\[id]\\disponibilidad\\route.ts"
2026-02-18T22:36:00.932978Z  INFO scan_sources: tailwindcss_oxide::scanner: Discovering "H:\\web_anto\\cosmetologia_web\\frontend\\app\\globals.css"
2026-02-18T22:36:00.933040Z  INFO scan_sources: tailwindcss_oxide::scanner: Discovering "H:\\web_anto\\cosmetologia_web\\frontend\\app\\layout.tsx"
2026-02-18T22:36:00.933080Z  INFO scan_sources: tailwindcss_oxide::scanner: Discovering "H:\\web_anto\\cosmetologia_web\\frontend\\app\\page.tsx"
2026-02-18T22:36:00.933134Z  INFO scan_sources: tailwindcss_oxide::scanner: Discovering "H:\\web_anto\\cosmetologia_web\\frontend\\app\\reservar"
2026-02-18T22:36:00.933214Z  INFO scan_sources: tailwindcss_oxide::scanner: Discovering "H:\\web_anto\\cosmetologia_web\\frontend\\app\\reservar\\page.tsx"
2026-02-18T22:36:00.933276Z  INFO scan_sources: tailwindcss_oxide::scanner: Discovering "H:\\web_anto\\cosmetologia_web\\frontend\\app\\types"
2026-02-18T22:36:00.933359Z  INFO scan_sources: tailwindcss_oxide::scanner: Discovering "H:\\web_anto\\cosmetologia_web\\frontend\\app\\types\\index.ts"
2026-02-18T22:36:00.933433Z  INFO scan_sources: tailwindcss_oxide::scanner: Discovering "H:\\web_anto\\cosmetologia_web\\frontend\\build_log.txt"
2026-02-18T22:36:00.933470Z  INFO scan_sources: tailwindcss_oxide::scanner: Discovering "H:\\web_anto\\cosmetologia_web\\frontend\\build_log_v2.txt"
2026-02-18T22:36:00.933503Z  INFO scan_sources: tailwindcss_oxide::scanner: Discovering "H:\\web_anto\\cosmetologia_web\\frontend\\build_log_v4.txt"
2026-02-18T22:36:00.933579Z  INFO scan_sources: tailwindcss_oxide::scanner: Discovering "H:\\web_anto\\cosmetologia_web\\frontend\\build_log_v5.txt"
2026-02-18T22:36:00.933681Z  INFO scan_sources: tailwindcss_oxide::scanner: Discovering "H:\\web_anto\\cosmetologia_web\\frontend\\components"
2026-02-18T22:36:00.933885Z  INFO scan_sources: tailwindcss_oxide::scanner: Discovering "H:\\web_anto\\cosmetologia_web\\frontend\\components\\Footer.tsx"
2026-02-18T22:36:00.933931Z  INFO scan_sources: tailwindcss_oxide::scanner: Discovering "H:\\web_anto\\cosmetologia_web\\frontend\\components\\Header.tsx"
2026-02-18T22:36:00.933969Z  INFO scan_sources: tailwindcss_oxide::scanner: Discovering "H:\\web_anto\\cosmetologia_web\\frontend\\components\\WhatsAppButton.tsx"
2026-02-18T22:36:00.934026Z  INFO scan_sources: tailwindcss_oxide::scanner: Discovering "H:\\web_anto\\cosmetologia_web\\frontend\\eslint.config.mjs"
2026-02-18T22:36:00.934063Z  INFO scan_sources: tailwindcss_oxide::scanner: Discovering "H:\\web_anto\\cosmetologia_web\\frontend\\IMAGENES.md"
2026-02-18T22:36:00.934122Z  INFO scan_sources: tailwindcss_oxide::scanner: Discovering "H:\\web_anto\\cosmetologia_web\\frontend\\lib"
2026-02-18T22:36:00.934215Z  INFO scan_sources: tailwindcss_oxide::scanner: Discovering "H:\\web_anto\\cosmetologia_web\\frontend\\lib\\availability.ts"
2026-02-18T22:36:00.934278Z  INFO scan_sources: tailwindcss_oxide::scanner: Discovering "H:\\web_anto\\cosmetologia_web\\frontend\\lib\\supabase.ts"
2026-02-18T22:36:00.934329Z  INFO scan_sources: tailwindcss_oxide::scanner: Discovering "H:\\web_anto\\cosmetologia_web\\frontend\\next.config.ts"
2026-02-18T22:36:00.934484Z  INFO scan_sources: tailwindcss_oxide::scanner: Discovering "H:\\web_anto\\cosmetologia_web\\frontend\\package.json"
2026-02-18T22:36:00.934526Z  INFO scan_sources: tailwindcss_oxide::scanner: Discovering "H:\\web_anto\\cosmetologia_web\\frontend\\postcss.config.mjs"
2026-02-18T22:36:00.934585Z  INFO scan_sources: tailwindcss_oxide::scanner: Discovering "H:\\web_anto\\cosmetologia_web\\frontend\\public"
2026-02-18T22:36:00.934674Z  INFO scan_sources: tailwindcss_oxide::scanner: Discovering "H:\\web_anto\\cosmetologia_web\\frontend\\public\\file.svg"
2026-02-18T22:36:00.934712Z  INFO scan_sources: tailwindcss_oxide::scanner: Discovering "H:\\web_anto\\cosmetologia_web\\frontend\\public\\globe.svg"
2026-02-18T22:36:00.934803Z  INFO scan_sources: tailwindcss_oxide::scanner: Discovering "H:\\web_anto\\cosmetologia_web\\frontend\\public\\next.svg"
2026-02-18T22:36:00.934847Z  INFO scan_sources: tailwindcss_oxide::scanner: Discovering "H:\\web_anto\\cosmetologia_web\\frontend\\public\\vercel.svg"
2026-02-18T22:36:00.934886Z  INFO scan_sources: tailwindcss_oxide::scanner: Discovering "H:\\web_anto\\cosmetologia_web\\frontend\\public\\window.svg"
2026-02-18T22:36:00.934934Z  INFO scan_sources: tailwindcss_oxide::scanner: Discovering "H:\\web_anto\\cosmetologia_web\\frontend\\README.md"
2026-02-18T22:36:00.934996Z  INFO scan_sources: tailwindcss_oxide::scanner: Discovering "H:\\web_anto\\cosmetologia_web\\frontend\\tsconfig.json"
2026-02-18T22:36:00.935125Z  INFO scan_sources: tailwindcss_oxide::scanner: exit
2026-02-18T22:36:00.935132Z  INFO extract_candidates: tailwindcss_oxide::scanner: enter
2026-02-18T22:36:00.935138Z  INFO extract_candidates:read_all_files: tailwindcss_oxide::scanner: enter
2026-02-18T22:36:00.935141Z  INFO extract_candidates:read_all_files: tailwindcss_oxide::scanner: Reading 30 file(s)
2026-02-18T22:36:00.935460Z  INFO tailwindcss_oxide::scanner: Reading "H:\\web_anto\\cosmetologia_web\\frontend\\components\\WhatsAppButton.tsx"
2026-02-18T22:36:00.935460Z  INFO tailwindcss_oxide::scanner: Reading "H:\\web_anto\\cosmetologia_web\\frontend\\app\\reservar\\page.tsx"
2026-02-18T22:36:00.935501Z  INFO tailwindcss_oxide::scanner: Reading "H:\\web_anto\\cosmetologia_web\\frontend\\build_log_v4.txt"
2026-02-18T22:36:00.935529Z  INFO tailwindcss_oxide::scanner: Reading "H:\\web_anto\\cosmetologia_web\\frontend\\eslint.config.mjs"
2026-02-18T22:36:00.935531Z  INFO tailwindcss_oxide::scanner: Reading "H:\\web_anto\\cosmetologia_web\\frontend\\app\\types\\index.ts"
2026-02-18T22:36:00.935559Z  INFO tailwindcss_oxide::scanner: Reading "H:\\web_anto\\cosmetologia_web\\frontend\\build_log_v5.txt"
2026-02-18T22:36:00.935569Z  INFO tailwindcss_oxide::scanner: Reading "H:\\web_anto\\cosmetologia_web\\frontend\\IMAGENES.md"
2026-02-18T22:36:00.935620Z  INFO tailwindcss_oxide::scanner: Reading "H:\\web_anto\\cosmetologia_web\\frontend\\build_log.txt"
2026-02-18T22:36:00.935623Z  INFO tailwindcss_oxide::scanner: Reading "H:\\web_anto\\cosmetologia_web\\frontend\\components\\Footer.tsx"
2026-02-18T22:36:00.935629Z  INFO tailwindcss_oxide::scanner: Reading "H:\\web_anto\\cosmetologia_web\\frontend\\lib\\availability.ts"
2026-02-18T22:36:00.935659Z  INFO tailwindcss_oxide::scanner: Reading "H:\\web_anto\\cosmetologia_web\\frontend\\components\\Header.tsx"
2026-02-18T22:36:00.935662Z  INFO tailwindcss_oxide::scanner: Reading "H:\\web_anto\\cosmetologia_web\\frontend\\build_log_v2.txt"
2026-02-18T22:36:00.935674Z  INFO tailwindcss_oxide::scanner: Reading "H:\\web_anto\\cosmetologia_web\\frontend\\lib\\supabase.ts"
2026-02-18T22:36:00.935702Z  INFO tailwindcss_oxide::scanner: Reading "H:\\web_anto\\cosmetologia_web\\frontend\\app\\api\\clientes\\route.ts"
2026-02-18T22:36:00.935707Z  INFO tailwindcss_oxide::scanner: Reading "H:\\web_anto\\cosmetologia_web\\frontend\\next.config.ts"
2026-02-18T22:36:00.935719Z  INFO tailwindcss_oxide::scanner: Reading "H:\\web_anto\\cosmetologia_web\\frontend\\app\\api\\servicios\\route.ts"
2026-02-18T22:36:00.935719Z  INFO tailwindcss_oxide::scanner: Reading "H:\\web_anto\\cosmetologia_web\\frontend\\app\\api\\citas\\route.ts"
2026-02-18T22:36:00.935735Z  INFO tailwindcss_oxide::scanner: Reading "H:\\web_anto\\cosmetologia_web\\frontend\\app\\api\\configuracion-horario\\route.ts"
2026-02-18T22:36:00.935747Z  INFO tailwindcss_oxide::scanner: Reading "H:\\web_anto\\cosmetologia_web\\frontend\\package.json"
2026-02-18T22:36:00.935755Z  INFO tailwindcss_oxide::scanner: Reading "H:\\web_anto\\cosmetologia_web\\frontend\\app\\api\\servicios\\[id]\\disponibilidad\\route.ts"
2026-02-18T22:36:00.935773Z  INFO tailwindcss_oxide::scanner: Reading "H:\\web_anto\\cosmetologia_web\\frontend\\app\\layout.tsx"
2026-02-18T22:36:00.935786Z  INFO tailwindcss_oxide::scanner: Reading "H:\\web_anto\\cosmetologia_web\\frontend\\public\\vercel.svg"
2026-02-18T22:36:00.935791Z  INFO tailwindcss_oxide::scanner: Reading "H:\\web_anto\\cosmetologia_web\\frontend\\public\\globe.svg"
2026-02-18T22:36:00.935817Z  INFO tailwindcss_oxide::scanner: Reading "H:\\web_anto\\cosmetologia_web\\frontend\\app\\page.tsx"
2026-02-18T22:36:00.935821Z  INFO tailwindcss_oxide::scanner: Reading "H:\\web_anto\\cosmetologia_web\\frontend\\public\\window.svg"
2026-02-18T22:36:00.935826Z  INFO tailwindcss_oxide::scanner: Reading "H:\\web_anto\\cosmetologia_web\\frontend\\public\\next.svg"
2026-02-18T22:36:00.935852Z  INFO tailwindcss_oxide::scanner: Reading "H:\\web_anto\\cosmetologia_web\\frontend\\README.md"
2026-02-18T22:36:00.935853Z  INFO tailwindcss_oxide::scanner: Reading "H:\\web_anto\\cosmetologia_web\\frontend\\public\\file.svg"
2026-02-18T22:36:00.935857Z  INFO tailwindcss_oxide::scanner: Reading "H:\\web_anto\\cosmetologia_web\\frontend\\tsconfig.json"
2026-02-18T22:36:00.935863Z  INFO tailwindcss_oxide::scanner: Reading "H:\\web_anto\\cosmetologia_web\\frontend\\postcss.config.mjs"
2026-02-18T22:36:00.935885Z  INFO extract_candidates:read_all_files: tailwindcss_oxide::scanner: exit
2026-02-18T22:36:00.935892Z  INFO extract_candidates:parse_all_blobs: tailwindcss_oxide::scanner: enter
2026-02-18T22:36:00.935895Z  INFO extract_candidates:parse_all_blobs:extract: tailwindcss_oxide::scanner: enter
2026-02-18T22:36:00.936682Z  INFO extract_candidates:parse_all_blobs:extract: tailwindcss_oxide::scanner: exit
2026-02-18T22:36:00.936699Z  INFO extract_candidates:parse_all_blobs: tailwindcss_oxide::scanner: exit
2026-02-18T22:36:00.936704Z  INFO extract_candidates:read_all_files: tailwindcss_oxide::scanner: enter
2026-02-18T22:36:00.936706Z  INFO extract_candidates:read_all_files: tailwindcss_oxide::scanner: Reading 1 file(s)
2026-02-18T22:36:00.936786Z  INFO extract_candidates:read_all_files: tailwindcss_oxide::scanner: Reading "H:\\web_anto\\cosmetologia_web\\frontend\\app\\globals.css"
2026-02-18T22:36:00.936793Z  INFO extract_candidates:read_all_files: tailwindcss_oxide::scanner: exit
2026-02-18T22:36:00.936796Z  INFO extract_candidates:extract_css_variables: tailwindcss_oxide::scanner: enter
2026-02-18T22:36:00.936799Z  INFO extract_candidates:extract_css_variables:extract: tailwindcss_oxide::scanner: enter
2026-02-18T22:36:00.936829Z  INFO extract_candidates:extract_css_variables:extract: tailwindcss_oxide::scanner: exit
2026-02-18T22:36:00.936832Z  INFO extract_candidates:extract_css_variables: tailwindcss_oxide::scanner: exit
2026-02-18T22:36:00.936979Z  INFO extract_candidates: tailwindcss_oxide::scanner: exit
2026-02-18T22:36:00.937552Z  INFO get_files: tailwindcss_oxide::scanner: enter
2026-02-18T22:36:00.937560Z  INFO get_files:scan_sources: tailwindcss_oxide::scanner: enter
2026-02-18T22:36:00.938418Z  INFO get_files:scan_sources: tailwindcss_oxide::scanner: Discovering "H:\\web_anto\\cosmetologia_web\\frontend\\app"
2026-02-18T22:36:00.938647Z  INFO get_files:scan_sources: tailwindcss_oxide::scanner: Discovering "H:\\web_anto\\cosmetologia_web\\frontend\\app\\api"
2026-02-18T22:36:00.938790Z  INFO get_files:scan_sources: tailwindcss_oxide::scanner: Discovering "H:\\web_anto\\cosmetologia_web\\frontend\\app\\api\\citas"
2026-02-18T22:36:00.938977Z  INFO get_files:scan_sources: tailwindcss_oxide::scanner: Discovering "H:\\web_anto\\cosmetologia_web\\frontend\\app\\api\\clientes"
2026-02-18T22:36:00.939103Z  INFO get_files:scan_sources: tailwindcss_oxide::scanner: Discovering "H:\\web_anto\\cosmetologia_web\\frontend\\app\\api\\configuracion-horario"
2026-02-18T22:36:00.939224Z  INFO get_files:scan_sources: tailwindcss_oxide::scanner: Discovering "H:\\web_anto\\cosmetologia_web\\frontend\\app\\api\\servicios"
2026-02-18T22:36:00.939335Z  INFO get_files:scan_sources: tailwindcss_oxide::scanner: Discovering "H:\\web_anto\\cosmetologia_web\\frontend\\app\\api\\servicios\\[id]"
2026-02-18T22:36:00.939439Z  INFO get_files:scan_sources: tailwindcss_oxide::scanner: Discovering "H:\\web_anto\\cosmetologia_web\\frontend\\app\\api\\servicios\\[id]\\disponibilidad"
2026-02-18T22:36:00.939648Z  INFO get_files:scan_sources: tailwindcss_oxide::scanner: Discovering "H:\\web_anto\\cosmetologia_web\\frontend\\app\\reservar"
2026-02-18T22:36:00.939764Z  INFO get_files:scan_sources: tailwindcss_oxide::scanner: Discovering "H:\\web_anto\\cosmetologia_web\\frontend\\app\\types"
2026-02-18T22:36:00.939933Z  INFO get_files:scan_sources: tailwindcss_oxide::scanner: Discovering "H:\\web_anto\\cosmetologia_web\\frontend\\build_log_v5.txt"
2026-02-18T22:36:00.939985Z  INFO get_files:scan_sources: tailwindcss_oxide::scanner: Discovering "H:\\web_anto\\cosmetologia_web\\frontend\\components"
2026-02-18T22:36:00.940176Z  INFO get_files:scan_sources: tailwindcss_oxide::scanner: Discovering "H:\\web_anto\\cosmetologia_web\\frontend\\lib"
2026-02-18T22:36:00.940480Z  INFO get_files:scan_sources: tailwindcss_oxide::scanner: Discovering "H:\\web_anto\\cosmetologia_web\\frontend\\public"
2026-02-18T22:36:00.940750Z  INFO get_files:scan_sources: tailwindcss_oxide::scanner: exit
2026-02-18T22:36:00.940795Z  INFO get_files: tailwindcss_oxide::scanner: exit
2026-02-18T22:36:00.940969Z  INFO get_globs: tailwindcss_oxide::scanner: enter
2026-02-18T22:36:00.940973Z  INFO get_globs:scan_sources: tailwindcss_oxide::scanner: enter
2026-02-18T22:36:00.941725Z  INFO get_globs:scan_sources: tailwindcss_oxide::scanner: Discovering "H:\\web_anto\\cosmetologia_web\\frontend\\app"
2026-02-18T22:36:00.941820Z  INFO get_globs:scan_sources: tailwindcss_oxide::scanner: Discovering "H:\\web_anto\\cosmetologia_web\\frontend\\app\\api"
2026-02-18T22:36:00.941907Z  INFO get_globs:scan_sources: tailwindcss_oxide::scanner: Discovering "H:\\web_anto\\cosmetologia_web\\frontend\\app\\api\\citas"
2026-02-18T22:36:00.942065Z  INFO get_globs:scan_sources: tailwindcss_oxide::scanner: Discovering "H:\\web_anto\\cosmetologia_web\\frontend\\app\\api\\clientes"
2026-02-18T22:36:00.942182Z  INFO get_globs:scan_sources: tailwindcss_oxide::scanner: Discovering "H:\\web_anto\\cosmetologia_web\\frontend\\app\\api\\configuracion-horario"
2026-02-18T22:36:00.942306Z  INFO get_globs:scan_sources: tailwindcss_oxide::scanner: Discovering "H:\\web_anto\\cosmetologia_web\\frontend\\app\\api\\servicios"
2026-02-18T22:36:00.942413Z  INFO get_globs:scan_sources: tailwindcss_oxide::scanner: Discovering "H:\\web_anto\\cosmetologia_web\\frontend\\app\\api\\servicios\\[id]"
2026-02-18T22:36:00.942503Z  INFO get_globs:scan_sources: tailwindcss_oxide::scanner: Discovering "H:\\web_anto\\cosmetologia_web\\frontend\\app\\api\\servicios\\[id]\\disponibilidad"
2026-02-18T22:36:00.942713Z  INFO get_globs:scan_sources: tailwindcss_oxide::scanner: Discovering "H:\\web_anto\\cosmetologia_web\\frontend\\app\\reservar"
2026-02-18T22:36:00.942826Z  INFO get_globs:scan_sources: tailwindcss_oxide::scanner: Discovering "H:\\web_anto\\cosmetologia_web\\frontend\\app\\types"
2026-02-18T22:36:00.943021Z  INFO get_globs:scan_sources: tailwindcss_oxide::scanner: Discovering "H:\\web_anto\\cosmetologia_web\\frontend\\components"
2026-02-18T22:36:00.943207Z  INFO get_globs:scan_sources: tailwindcss_oxide::scanner: Discovering "H:\\web_anto\\cosmetologia_web\\frontend\\lib"
2026-02-18T22:36:00.943605Z  INFO get_globs:scan_sources: tailwindcss_oxide::scanner: Discovering "H:\\web_anto\\cosmetologia_web\\frontend\\public"
2026-02-18T22:36:00.943886Z  INFO get_globs:scan_sources: tailwindcss_oxide::scanner: exit
2026-02-18T22:36:00.946616Z  INFO get_globs: tailwindcss_oxide::scanner: exit
